<?xml version="1.0" encoding="utf-8"?><testsuites name="pytest tests"><testsuite name="pytest" errors="0" failures="0" skipped="0" tests="11" time="10.149" timestamp="2026-03-19T09:29:37.013356+00:00" hostname="agent-env-e13b9584-4714-4f3f-ab2d-6d94a88197a9"><testcase classname="tests.test_gls_logistics_endpoints.TestGLSLogisticsEndpoint" name="test_get_logistics_returns_correct_structure" time="5.088" /><testcase classname="tests.test_gls_logistics_endpoints.TestGLSLogisticsEndpoint" name="test_get_logistics_requires_auth" time="0.181" /><testcase classname="tests.test_gls_logistics_endpoints.TestGLSLogisticsEndpoint" name="test_get_logistics_not_found" time="0.241" /><testcase classname="tests.test_gls_logistics_endpoints.TestLogisticsPickupEndpoint" name="test_pickup_requires_admin" time="0.095" /><testcase classname="tests.test_gls_logistics_endpoints.TestLogisticsPickupEndpoint" name="test_pickup_validates_required_fields" time="0.542" /><testcase classname="tests.test_gls_logistics_endpoints.TestLogisticsPickupEndpoint" name="test_pickup_with_complete_data" time="1.133" /><testcase classname="tests.test_gls_logistics_endpoints.TestLogisticsDeliveryEndpoint" name="test_delivery_validates_required_fields" time="0.096" /><testcase classname="tests.test_gls_logistics_endpoints.TestLogisticsDeliveryEndpoint" name="test_delivery_with_complete_data" time="1.060" /><testcase classname="tests.test_gls_logistics_endpoints.TestLogisticsSyncEndpoint" name="test_sync_not_found" time="0.227" /><testcase classname="tests.test_gls_logistics_endpoints.TestPublicTrackingLogistics" name="test_seguimiento_returns_logistics_data" time="1.204" /><testcase classname="tests.test_gls_logistics_endpoints.TestOrderHistorialLogistics" name="test_historial_includes_logistics_events" time="0.217" /></testsuite></testsuites>