<?xml version="1.0" encoding="utf-8"?><testsuites name="pytest tests"><testsuite name="pytest" errors="0" failures="0" skipped="1" tests="43" time="86.021" timestamp="2026-04-26T12:38:03.545308+00:00" hostname="agent-env-3626d975-b288-4ebb-af94-b32a3a0208ab"><testcase classname="tests.test_fase4_agentes" name="test_3_agentes_fase4_registrados" time="11.334" /><testcase classname="tests.test_fase4_agentes" name="test_call_center_scopes_y_tools_correctos" time="0.118" /><testcase classname="tests.test_fase4_agentes" name="test_presupuestador_scopes_correctos" time="5.907" /><testcase classname="tests.test_fase4_agentes" name="test_seguimiento_scopes_correctos" time="5.947" /><testcase classname="tests.test_fase4_agentes" name="test_registry_tiene_todas_las_tools_fase4" time="0.102" /><testcase classname="tests.test_fase4_agentes" name="test_estimar_precio_reparacion_devuelve_disclaimer" time="1.059" /><testcase classname="tests.test_fase4_agentes" name="test_crear_presupuesto_publico_idempotente" time="1.498" /><testcase classname="tests.test_fase4_agentes" name="test_escalar_a_humano_crea_ticket" time="1.383" /><testcase classname="tests.test_fase4_agentes" name="test_enviar_mensaje_portal_idempotente" time="1.684" /><testcase classname="tests.test_fase4_agentes" name="test_sin_scope_falla_authError" time="0.001" /><testcase classname="tests.test_fase4_agentes" name="test_estimar_usa_catalogo_utopya" time="0.985"><skipped type="pytest.skip" message="Sin catálogo de referencia en revix_preview">/app/backend/tests/test_fase4_agentes.py:324: Sin catálogo de referencia en revix_preview</skipped></testcase><testcase classname="tests.test_fase4_agentes" name="test_tracking_buscar_por_token_no_encontrado" time="0.969" /><testcase classname="tests.test_fase4_agentes" name="test_tracking_timeline_token_inexistente" time="0.963" /><testcase classname="tests.test_fase4_agentes" name="test_tracking_fotos_token_inexistente" time="0.959" /><testcase classname="tests.test_fase4_agentes" name="test_rate_limits_seedeados" time="1.184" /><testcase classname="tests.test_fase4_e2e_completo.TestPanelOverview" name="test_overview_returns_11_agents" time="6.375" /><testcase classname="tests.test_fase4_e2e_completo.TestPanelOverview" name="test_overview_includes_fase4_agents" time="5.943" /><testcase classname="tests.test_fase4_e2e_completo.TestPanelOverview" name="test_overview_call_center_scopes" time="5.929" /><testcase classname="tests.test_fase4_e2e_completo.TestPanelOverview" name="test_overview_presupuestador_scopes" time="5.943" /><testcase classname="tests.test_fase4_e2e_completo.TestPanelOverview" name="test_overview_seguimiento_scopes" time="5.928" /><testcase classname="tests.test_fase4_e2e_completo.TestPanelOverview" name="test_overview_includes_resumen" time="6.040" /><testcase classname="tests.test_fase4_e2e_completo.TestAgentsEndpoint" name="test_agents_excludes_public_agents" time="0.127" /><testcase classname="tests.test_fase4_e2e_completo.TestAgentsEndpoint" name="test_agents_includes_call_center" time="0.114" /><testcase classname="tests.test_fase4_e2e_completo.TestAgentsEndpoint" name="test_agents_includes_legacy_agents" time="0.113" /><testcase classname="tests.test_fase4_e2e_completo.TestComprasRegression" name="test_compras_lista_pendientes" time="0.102" /><testcase classname="tests.test_fase4_e2e_completo.TestComprasRegression" name="test_compras_lista_all" time="0.218" /><testcase classname="tests.test_fase4_e2e_completo.TestInsuramaRegression" name="test_insurama_inbox" time="0.104" /><testcase classname="tests.test_fase4_e2e_completo.TestInsuramaRegression" name="test_insurama_inbox_pendientes" time="0.108" /><testcase classname="tests.test_fase4_e2e_completo.TestBasicEndpointsRegression" name="test_health_check" time="0.104" /><testcase classname="tests.test_fase4_e2e_completo.TestBasicEndpointsRegression" name="test_ordenes_list" time="0.219" /><testcase classname="tests.test_fase4_e2e_completo.TestBasicEndpointsRegression" name="test_clientes_list" time="0.209" /><testcase classname="tests.test_fase4_e2e_completo.TestBasicEndpointsRegression" name="test_dashboard_stats" time="0.638" /><testcase classname="tests.test_fase4_e2e_completo.TestAgentPanelEndpoints" name="test_agent_config_call_center" time="0.326" /><testcase classname="tests.test_fase4_e2e_completo.TestAgentPanelEndpoints" name="test_agent_timeline" time="0.209" /><testcase classname="tests.test_fase4_e2e_completo.TestAgentPanelEndpoints" name="test_panel_metrics" time="0.524" /><testcase classname="tests.test_fase4_e2e_completo.TestAgentPanelEndpoints" name="test_pending_approvals" time="0.217" /><testcase classname="tests.test_fase4_e2e_completo.TestPublicAgentEndpoint" name="test_public_seguimiento_chat" time="9.079" /><testcase classname="tests.test_fase4_e2e_completo.TestLogisticaRegression" name="test_logistica_panel_resumen" time="1.096" /><testcase classname="tests.test_fase4_e2e_completo.TestLogisticaRegression" name="test_logistica_panel_envios" time="0.321" /><testcase classname="tests.test_fase4_e2e_completo.TestNotificacionesRegression" name="test_notificaciones_list" time="0.217" /><testcase classname="tests.test_fase4_e2e_completo.TestNotificacionesRegression" name="test_notificaciones_contadores" time="0.214" /><testcase classname="tests.test_fase4_e2e_completo.TestFinanzasRegression" name="test_finanzas_dashboard" time="0.728" /><testcase classname="tests.test_fase4_e2e_completo.TestFinanzasRegression" name="test_finanzas_balance" time="0.625" /></testsuite></testsuites>