<?xml version="1.0" encoding="utf-8"?><testsuites name="pytest tests"><testsuite name="pytest" errors="0" failures="0" skipped="0" tests="18" time="22.872" timestamp="2026-04-28T09:23:12.059624+00:00" hostname="agent-env-3626d975-b288-4ebb-af94-b32a3a0208ab"><testcase classname="tests.test_tecnico_cierre_qc.TestBackendWhitelistQCFields" name="test_patch_bateria_nivel" time="5.962" /><testcase classname="tests.test_tecnico_cierre_qc.TestBackendWhitelistQCFields" name="test_patch_bateria_ciclos" time="0.722" /><testcase classname="tests.test_tecnico_cierre_qc.TestBackendWhitelistQCFields" name="test_patch_bateria_estado" time="0.728" /><testcase classname="tests.test_tecnico_cierre_qc.TestBackendWhitelistQCFields" name="test_patch_qc_funciones" time="0.731" /><testcase classname="tests.test_tecnico_cierre_qc.TestBackendWhitelistQCFields" name="test_patch_qc_funciones_no_aplica" time="1.480" /><testcase classname="tests.test_tecnico_cierre_qc.TestBackendWhitelistQCFields" name="test_patch_qc_es_smartphone" time="1.481" /><testcase classname="tests.test_tecnico_cierre_qc.TestBackendWhitelistQCFields" name="test_patch_qc_resultado_averia" time="0.727" /><testcase classname="tests.test_tecnico_cierre_qc.TestBackendWhitelistQCFields" name="test_patch_qc_motivo_no_reparada" time="0.731" /><testcase classname="tests.test_tecnico_cierre_qc.TestBackendWhitelistQCFields" name="test_patch_garantia_resultado" time="0.724" /><testcase classname="tests.test_tecnico_cierre_qc.TestBackendWhitelistQCFields" name="test_patch_garantia_motivo_no_procede" time="0.724" /><testcase classname="tests.test_tecnico_cierre_qc.TestBackendWhitelistQCFields" name="test_patch_garantia_tests_omitidos" time="0.730" /><testcase classname="tests.test_tecnico_cierre_qc.TestCambiarEstadoIrreparable" name="test_valid_transition_en_taller_to_irreparable" time="1.987" /><testcase classname="tests.test_tecnico_cierre_qc.TestCambiarEstadoReparado" name="test_valid_transition_en_taller_to_reparado" time="1.971" /><testcase classname="tests.test_tecnico_cierre_qc.TestQCPayloadIntegration" name="test_full_qc_payload_reparada" time="0.727" /><testcase classname="tests.test_tecnico_cierre_qc.TestQCPayloadIntegration" name="test_full_qc_payload_no_reparada" time="0.720" /><testcase classname="tests.test_tecnico_cierre_qc.TestQCPayloadIntegration" name="test_full_qc_payload_non_smartphone" time="0.730" /><testcase classname="tests.test_tecnico_cierre_qc.TestQCPayloadIntegration" name="test_tecnico_only_fields_blocked_for_admin" time="0.241" /><testcase classname="tests.test_tecnico_cierre_qc.TestHistorialMensajes" name="test_historial_averia_no_reparada_message" time="1.673" /></testsuite></testsuites>