<?xml version="1.0" encoding="utf-8"?><testsuites name="pytest tests"><testsuite name="pytest" errors="0" failures="0" skipped="0" tests="19" time="11.326" timestamp="2026-04-28T20:47:43.197408+00:00" hostname="agent-env-3626d975-b288-4ebb-af94-b32a3a0208ab"><testcase classname="tests.test_iteration_31.TestDiagnosticoRecepcion" name="test_tecnico_can_update_diagnostico_recepcion" time="4.483" /><testcase classname="tests.test_iteration_31.TestDiagnosticoRecepcion" name="test_admin_can_read_diagnostico_recepcion" time="0.991" /><testcase classname="tests.test_iteration_31.TestBadgeGarantia" name="test_solo_garantias_filter_returns_garantia_orders" time="0.324" /><testcase classname="tests.test_iteration_31.TestBadgeGarantia" name="test_garantia_order_exists" time="0.310" /><testcase classname="tests.test_iteration_31.TestDateFiltersOrdenes" name="test_fecha_campo_filter_created_at" time="0.308" /><testcase classname="tests.test_iteration_31.TestDateFiltersOrdenes" name="test_fecha_campo_filter_fecha_enviado" time="0.317" /><testcase classname="tests.test_iteration_31.TestDateFiltersOrdenes" name="test_fecha_campo_filter_fecha_recibida_centro" time="0.322" /><testcase classname="tests.test_iteration_31.TestDateFiltersOrdenes" name="test_fecha_campo_filter_fecha_fin_reparacion" time="0.337" /><testcase classname="tests.test_iteration_31.TestDateFiltersOrdenes" name="test_fecha_campo_filter_fecha_inicio_reparacion" time="0.306" /><testcase classname="tests.test_iteration_31.TestDateFiltersOrdenes" name="test_fecha_range_filter" time="0.352" /><testcase classname="tests.test_iteration_31.TestContabilidadFiltersExcel" name="test_contabilidad_stats" time="0.860" /><testcase classname="tests.test_iteration_31.TestContabilidadFiltersExcel" name="test_contabilidad_resumen" time="0.416" /><testcase classname="tests.test_iteration_31.TestContabilidadFiltersExcel" name="test_export_excel_completo" time="0.269" /><testcase classname="tests.test_iteration_31.TestContabilidadFiltersExcel" name="test_export_excel_unica" time="0.232" /><testcase classname="tests.test_iteration_31.TestContabilidadFiltersExcel" name="test_export_excel_resumen" time="0.229" /><testcase classname="tests.test_iteration_31.TestContabilidadFiltersExcel" name="test_export_excel_with_date_range" time="0.225" /><testcase classname="tests.test_iteration_31.TestContabilidadFiltersExcel" name="test_export_excel_has_two_sheets_completo" time="0.415" /><testcase classname="tests.test_iteration_31.TestLegacyOrdenesEndpoint" name="test_legacy_ordenes_with_fecha_campo" time="0.327" /><testcase classname="tests.test_iteration_31.TestLegacyOrdenesEndpoint" name="test_legacy_ordenes_solo_garantias" time="0.216" /></testsuite></testsuites>