<?xml version="1.0" encoding="utf-8"?><testsuites name="pytest tests"><testsuite name="pytest" errors="0" failures="0" skipped="0" tests="9" time="3.455" timestamp="2026-03-27T10:48:04.904024+00:00" hostname="agent-env-3626d975-b288-4ebb-af94-b32a3a0208ab"><testcase classname="backend.tests.test_gls_envios_tracking.TestGLSEnviosEndpoint" name="test_envios_returns_list_with_total" time="0.764" /><testcase classname="backend.tests.test_gls_envios_tracking.TestGLSEnviosEndpoint" name="test_envios_items_have_tracking_url" time="0.311" /><testcase classname="backend.tests.test_gls_envios_tracking.TestGLSEnviosEndpoint" name="test_envios_requires_auth" time="0.096" /><testcase classname="backend.tests.test_gls_envios_tracking.TestOrdenLogisticsEndpoint" name="test_logistics_returns_correct_structure" time="0.530" /><testcase classname="backend.tests.test_gls_envios_tracking.TestOrdenLogisticsEndpoint" name="test_logistics_gls_activo_is_true" time="0.521" /><testcase classname="backend.tests.test_gls_envios_tracking.TestOrdenLogisticsEndpoint" name="test_logistics_envio_has_tracking_url" time="0.518" /><testcase classname="backend.tests.test_gls_envios_tracking.TestOrdenLogisticsEndpoint" name="test_logistics_requires_auth" time="0.116" /><testcase classname="backend.tests.test_gls_envios_tracking.TestOrdenLogisticsEndpoint" name="test_logistics_not_found_for_invalid_order" time="0.235" /><testcase classname="backend.tests.test_gls_envios_tracking.TestTrackingURLFormat" name="test_tracking_url_format" time="0.313" /></testsuite></testsuites>