<?xml version="1.0" encoding="utf-8"?><testsuites name="pytest tests"><testsuite name="pytest" errors="0" failures="0" skipped="0" tests="23" time="97.738" timestamp="2026-04-26T13:21:08.439608+00:00" hostname="agent-env-3626d975-b288-4ebb-af94-b32a3a0208ab"><testcase classname="tests.test_widget_publico_completo.TestWidgetHealth" name="test_health_returns_ok_true" time="3.768" /><testcase classname="tests.test_widget_publico_completo.TestWidgetHealth" name="test_health_returns_agent_presupuestador_publico" time="0.112" /><testcase classname="tests.test_widget_publico_completo.TestWidgetHealth" name="test_health_returns_preview_true" time="0.122" /><testcase classname="tests.test_widget_publico_completo.TestWidgetHealth" name="test_health_returns_version" time="0.153" /><testcase classname="tests.test_widget_publico_completo.TestWidgetHealth" name="test_health_returns_service_revix_widget" time="0.110" /><testcase classname="tests.test_widget_publico_completo.TestWidgetHealth" name="test_health_no_requiere_auth" time="0.232" /><testcase classname="tests.test_widget_publico_completo.TestWidgetChat" name="test_chat_sin_auth_devuelve_session_id" time="5.870" /><testcase classname="tests.test_widget_publico_completo.TestWidgetChat" name="test_chat_sin_auth_devuelve_reply" time="5.743" /><testcase classname="tests.test_widget_publico_completo.TestWidgetChat" name="test_chat_sin_auth_devuelve_disclaimer" time="6.153" /><testcase classname="tests.test_widget_publico_completo.TestWidgetChat" name="test_chat_mantiene_sesion" time="9.373" /><testcase classname="tests.test_widget_publico_completo.TestWidgetChat" name="test_chat_validacion_message_vacio_422" time="0.144" /><testcase classname="tests.test_widget_publico_completo.TestWidgetChat" name="test_chat_validacion_cuerpo_malformado_422" time="0.119" /><testcase classname="tests.test_widget_publico_completo.TestWidgetLead" name="test_lead_requiere_consent_true" time="0.111" /><testcase classname="tests.test_widget_publico_completo.TestWidgetLead" name="test_lead_email_invalido_422" time="0.114" /><testcase classname="tests.test_widget_publico_completo.TestWidgetLead" name="test_lead_nombre_menor_2_chars_422" time="0.120" /><testcase classname="tests.test_widget_publico_completo.TestWidgetLead" name="test_lead_preview_mock_ok_true" time="0.111" /><testcase classname="tests.test_widget_publico_completo.TestWidgetLead" name="test_lead_preview_mock_preview_true" time="0.104" /><testcase classname="tests.test_widget_publico_completo.TestWidgetLead" name="test_lead_preview_mock_true" time="0.119" /><testcase classname="tests.test_widget_publico_completo.TestWidgetLead" name="test_lead_preview_pre_registro_id_starts_with_preview_mock" time="0.117" /><testcase classname="tests.test_widget_publico_completo.TestWidgetFrontend" name="test_widget_js_accesible" time="0.127" /><testcase classname="tests.test_widget_publico_completo.TestWidgetFrontend" name="test_widget_demo_page_accesible" time="0.100" /><testcase classname="tests.test_widget_publico_completo.TestWidgetRateLimiting" name="test_chat_permite_varias_llamadas_consecutivas" time="64.388" /><testcase classname="tests.test_widget_publico_completo.TestWidgetRateLimiting" name="test_lead_permite_varias_llamadas_consecutivas" time="0.339" /></testsuite></testsuites>