<?xml version="1.0" encoding="utf-8"?><testsuites name="pytest tests"><testsuite name="pytest" errors="0" failures="0" skipped="0" tests="20" time="6.282" timestamp="2026-03-18T13:26:51.217314+00:00" hostname="agent-env-af97a93f-560d-4465-9c30-2454d14518bb"><testcase classname="backend.tests.test_scanner_imei.TestParseIMEIs" name="test_single_imei" time="0.000" /><testcase classname="backend.tests.test_scanner_imei.TestParseIMEIs" name="test_dual_imei_standard" time="0.000" /><testcase classname="backend.tests.test_scanner_imei.TestParseIMEIs" name="test_dual_imei_extra_spaces" time="0.000" /><testcase classname="backend.tests.test_scanner_imei.TestParseIMEIs" name="test_empty_string" time="0.000" /><testcase classname="backend.tests.test_scanner_imei.TestParseIMEIs" name="test_none_input" time="0.000" /><testcase classname="backend.tests.test_scanner_imei.TestParseIMEIs" name="test_trailing_separator" time="0.000" /><testcase classname="backend.tests.test_scanner_imei.TestParseIMEIs" name="test_leading_separator" time="0.000" /><testcase classname="backend.tests.test_scanner_imei.TestIMEIMatches" name="test_single_imei_match" time="0.000" /><testcase classname="backend.tests.test_scanner_imei.TestIMEIMatches" name="test_single_imei_no_match" time="0.000" /><testcase classname="backend.tests.test_scanner_imei.TestIMEIMatches" name="test_dual_imei_match_first" time="0.000" /><testcase classname="backend.tests.test_scanner_imei.TestIMEIMatches" name="test_dual_imei_match_second" time="0.000" /><testcase classname="backend.tests.test_scanner_imei.TestIMEIMatches" name="test_dual_imei_no_match" time="0.000" /><testcase classname="backend.tests.test_scanner_imei.TestIMEIMatches" name="test_empty_scanned_imei" time="0.000" /><testcase classname="backend.tests.test_scanner_imei.TestIMEIMatches" name="test_empty_stored_field" time="0.000" /><testcase classname="backend.tests.test_scanner_imei.TestIMEIMatches" name="test_both_empty" time="0.000" /><testcase classname="backend.tests.test_scanner_imei.TestScannerAPI" name="test_search_order_by_numero" time="3.934" /><testcase classname="backend.tests.test_scanner_imei.TestScannerAPI" name="test_search_order_by_imei" time="0.351" /><testcase classname="backend.tests.test_scanner_imei.TestScannerAPI" name="test_search_nonexistent_order" time="0.344" /><testcase classname="backend.tests.test_scanner_imei.TestScannerAPI" name="test_get_order_by_id" time="0.566" /><testcase classname="backend.tests.test_scanner_imei.TestDualIMEIOrder" name="test_order_with_dual_imei_structure" time="0.545" /></testsuite></testsuites>