<?xml version="1.0" encoding="utf-8"?><testsuites name="pytest tests"><testsuite name="pytest" errors="0" failures="0" skipped="0" tests="6" time="10.180" timestamp="2026-04-26T15:58:21.898145+00:00" hostname="agent-env-3626d975-b288-4ebb-af94-b32a3a0208ab"><testcase classname="backend.tests.test_oleada1_autonomia" name="test_oleada1_tasks_seeded" time="0.782" /><testcase classname="backend.tests.test_oleada1_autonomia" name="test_autonomy_status_endpoint" time="0.849" /><testcase classname="backend.tests.test_oleada1_autonomia" name="test_kill_switch_pause_resume_cycle" time="3.077" /><testcase classname="backend.tests.test_oleada1_autonomia" name="test_kpi_analyst_run_now_funciona" time="2.132" /><testcase classname="backend.tests.test_oleada1_autonomia" name="test_endpoints_autonomia_protegidos" time="0.212" /><testcase classname="backend.tests.test_oleada1_autonomia" name="test_scheduler_ignora_tareas_durante_pause_all" time="3.075" /></testsuite></testsuites>