<?xml version="1.0" encoding="utf-8"?><testsuites name="pytest tests"><testsuite name="pytest" errors="0" failures="0" skipped="1" tests="12" time="15.163" timestamp="2026-04-23T22:08:16.448856+00:00" hostname="agent-env-3626d975-b288-4ebb-af94-b32a3a0208ab"><testcase classname="tests.test_gls_sync_historico.TestCandidatasEndpoint" name="test_candidatas_returns_structure" time="5.643" /><testcase classname="tests.test_gls_sync_historico.TestCandidatasEndpoint" name="test_candidatas_with_different_dias" time="0.945" /><testcase classname="tests.test_gls_sync_historico.TestSyncEndpoint" name="test_sync_requires_master_role" time="0.543" /><testcase classname="tests.test_gls_sync_historico.TestSyncEndpoint" name="test_sync_returns_response_structure" time="0.325" /><testcase classname="tests.test_gls_sync_historico.TestSyncWithSeedData" name="test_sync_mock_preview_generates_tracking" time="0.309" /><testcase classname="tests.test_gls_sync_historico.TestTrackingURLFormat" name="test_tracking_url_helper_format" time="0.320"><skipped type="pytest.skip" message="No GLS envios available">/app/backend/tests/test_gls_sync_historico.py:206: No GLS envios available</skipped></testcase><testcase classname="tests.test_gls_sync_historico.TestGLSConfig" name="test_gls_config_returns_structure" time="0.633" /><testcase classname="tests.test_gls_sync_historico.TestAuditLog" name="test_sync_creates_audit_log" time="0.320" /><testcase classname="tests.test_gls_sync_historico.TestPanelEnvios" name="test_panel_envios_returns_gls" time="0.307" /><testcase classname="tests.test_gls_sync_historico.TestRegressionLogistica" name="test_panel_resumen_works" time="1.029" /><testcase classname="tests.test_gls_sync_historico.TestRegressionLogistica" name="test_panel_envios_works" time="0.342" /><testcase classname="tests.test_gls_sync_historico.TestRegressionAgents" name="test_agents_overview_works" time="4.380" /></testsuite></testsuites>