<?xml version="1.0" encoding="utf-8"?><testsuites name="pytest tests"><testsuite name="pytest" errors="0" failures="0" skipped="0" tests="13" time="14.247" timestamp="2026-04-23T20:21:49.731870+00:00" hostname="agent-env-3626d975-b288-4ebb-af94-b32a3a0208ab"><testcase classname="tests.test_logistica_panel" name="test_panel_resumen" time="10.217" /><testcase classname="tests.test_logistica_panel" name="test_panel_envios_listado" time="0.207" /><testcase classname="tests.test_logistica_panel" name="test_panel_envios_filtro_solo_incidencias" time="0.206" /><testcase classname="tests.test_logistica_panel" name="test_panel_envios_filtro_entregado" time="0.206" /><testcase classname="tests.test_logistica_panel" name="test_panel_export_csv" time="0.208" /><testcase classname="tests.test_logistica_panel" name="test_panel_actualizar_todos" time="0.619" /><testcase classname="tests.test_logistica_panel" name="test_panel_requiere_auth" time="0.003" /><testcase classname="tests.test_logistica_panel" name="test_config_gls_get" time="0.512" /><testcase classname="tests.test_logistica_panel" name="test_config_gls_guardar_remitente" time="0.613" /><testcase classname="tests.test_logistica_panel" name="test_config_gls_polling_set" time="0.620" /><testcase classname="tests.test_logistica_panel" name="test_config_gls_polling_invalid" time="0.004" /><testcase classname="tests.test_logistica_panel" name="test_config_gls_verify_preview" time="0.003" /><testcase classname="tests.test_logistica_panel" name="test_config_gls_requiere_admin" time="0.520" /></testsuite></testsuites>