<?xml version="1.0" encoding="utf-8"?><testsuites name="pytest tests"><testsuite name="pytest" errors="0" failures="0" skipped="0" tests="21" time="10.250" timestamp="2026-04-15T10:09:33.176953+00:00" hostname="agent-env-3626d975-b288-4ebb-af94-b32a3a0208ab"><testcase classname="tests.test_print_queue.TestPrintStatusOffline" name="test_status_requires_auth" time="4.023" /><testcase classname="tests.test_print_queue.TestPrintStatusOffline" name="test_status_returns_offline_without_heartbeat" time="0.207" /><testcase classname="tests.test_print_queue.TestHeartbeatAndOnlineStatus" name="test_heartbeat_requires_agent_key" time="0.113" /><testcase classname="tests.test_print_queue.TestHeartbeatAndOnlineStatus" name="test_heartbeat_rejects_invalid_key" time="0.102" /><testcase classname="tests.test_print_queue.TestHeartbeatAndOnlineStatus" name="test_heartbeat_success" time="0.208" /><testcase classname="tests.test_print_queue.TestHeartbeatAndOnlineStatus" name="test_status_shows_online_after_heartbeat" time="0.448" /><testcase classname="tests.test_print_queue.TestSendPrintJob" name="test_send_requires_auth" time="0.122" /><testcase classname="tests.test_print_queue.TestSendPrintJob" name="test_send_creates_pending_job" time="0.219" /><testcase classname="tests.test_print_queue.TestSendPrintJob" name="test_send_inventory_label" time="0.211" /><testcase classname="tests.test_print_queue.TestGetPendingJobs" name="test_pending_requires_agent_key" time="0.106" /><testcase classname="tests.test_print_queue.TestGetPendingJobs" name="test_pending_rejects_invalid_key" time="0.110" /><testcase classname="tests.test_print_queue.TestGetPendingJobs" name="test_pending_returns_jobs" time="0.754" /><testcase classname="tests.test_print_queue.TestCompleteJob" name="test_complete_requires_agent_key" time="0.112" /><testcase classname="tests.test_print_queue.TestCompleteJob" name="test_complete_rejects_invalid_key" time="0.092" /><testcase classname="tests.test_print_queue.TestCompleteJob" name="test_complete_job_success" time="0.743" /><testcase classname="tests.test_print_queue.TestCompleteJob" name="test_complete_job_with_error" time="0.473" /><testcase classname="tests.test_print_queue.TestJobHistory" name="test_jobs_requires_auth" time="0.106" /><testcase classname="tests.test_print_queue.TestJobHistory" name="test_jobs_returns_history" time="0.213" /><testcase classname="tests.test_print_queue.TestAgentDownload" name="test_download_returns_zip" time="0.148" /><testcase classname="tests.test_print_queue.TestAgentInfo" name="test_info_returns_agent_details" time="0.148" /><testcase classname="tests.test_print_queue.TestFullPrintFlow" name="test_complete_print_flow" time="1.508" /></testsuite></testsuites>