<?xml version="1.0" encoding="utf-8"?><testsuites name="pytest tests"><testsuite name="pytest" errors="0" failures="0" skipped="0" tests="42" time="18.660" timestamp="2026-04-28T07:59:54.250975+00:00" hostname="agent-env-3626d975-b288-4ebb-af94-b32a3a0208ab"><testcase classname="tests.test_email_links_bug_fix.TestBuildClientLink" name="test_con_token_genera_consulta_con_codigo" time="0.001" /><testcase classname="tests.test_email_links_bug_fix.TestBuildClientLink" name="test_sin_token_genera_consulta_sin_codigo" time="0.000" /><testcase classname="tests.test_email_links_bug_fix.TestBuildClientLink" name="test_token_none_genera_consulta_sin_codigo" time="0.000" /><testcase classname="tests.test_email_links_bug_fix.TestBuildClientLink" name="test_token_vacio_genera_consulta_sin_codigo" time="0.000" /><testcase classname="tests.test_email_links_bug_fix.TestBuildAdminLink" name="test_genera_url_con_path_ordenes" time="0.000" /><testcase classname="tests.test_email_links_bug_fix.TestBuildAdminLink" name="test_genera_url_con_path_crm" time="0.000" /><testcase classname="tests.test_email_links_bug_fix.TestBuildAdminLink" name="test_añade_slash_si_falta" time="0.000" /><testcase classname="tests.test_email_links_bug_fix.TestSafePublicUrl" name="test_filtra_preview_emergentagent" time="0.000" /><testcase classname="tests.test_email_links_bug_fix.TestSafePublicUrl" name="test_filtra_localhost" time="0.000" /><testcase classname="tests.test_email_links_bug_fix.TestSafePublicUrl" name="test_filtra_127_0_0_1" time="0.000" /><testcase classname="tests.test_email_links_bug_fix.TestSafePublicUrl" name="test_acepta_revix_es" time="0.000" /><testcase classname="tests.test_email_links_bug_fix.TestSafePublicUrl" name="test_acepta_dominio_produccion" time="0.000" /><testcase classname="tests.test_email_links_bug_fix.TestSafePublicUrl" name="test_url_vacia_devuelve_fallback" time="0.000" /><testcase classname="tests.test_email_links_bug_fix.TestSafePublicUrl" name="test_url_none_devuelve_fallback" time="0.000" /><testcase classname="tests.test_email_links_bug_fix.TestSafePublicUrl" name="test_url_sin_protocolo_devuelve_fallback" time="0.000" /><testcase classname="tests.test_email_links_bug_fix.TestAssertClientSafe" name="test_acepta_html_con_consulta" time="0.000" /><testcase classname="tests.test_email_links_bug_fix.TestAssertClientSafe" name="test_rechaza_ordenes_path" time="0.000" /><testcase classname="tests.test_email_links_bug_fix.TestAssertClientSafe" name="test_rechaza_crm_path" time="0.000" /><testcase classname="tests.test_email_links_bug_fix.TestAssertClientSafe" name="test_rechaza_dashboard_path" time="0.000" /><testcase classname="tests.test_email_links_bug_fix.TestAssertClientSafe" name="test_rechaza_inventario_path" time="0.000" /><testcase classname="tests.test_email_links_bug_fix.TestAssertClientSafe" name="test_rechaza_clientes_uuid_path" time="0.000" /><testcase classname="tests.test_email_links_bug_fix.TestNotificacionesCliente" name="test_notificar_cambio_estado_usa_consulta" time="0.002" /><testcase classname="tests.test_email_links_bug_fix.TestNotificacionesCliente" name="test_notificar_presupuesto_enviado_usa_consulta" time="0.001" /><testcase classname="tests.test_email_links_bug_fix.TestNotificacionesCliente" name="test_notificar_orden_lista_usa_consulta" time="0.001" /><testcase classname="tests.test_email_links_bug_fix.TestNotificacionesCliente" name="test_notificar_factura_emitida_usa_consulta" time="0.001" /><testcase classname="tests.test_email_links_bug_fix.TestNotificacionesCliente" name="test_notificar_bienvenida_usa_consulta" time="0.001" /><testcase classname="tests.test_email_links_bug_fix.TestNotificacionesAdmin" name="test_notificar_material_pendiente_usa_ordenes" time="0.001" /><testcase classname="tests.test_email_links_bug_fix.TestGenerateModernEmailHtml" name="test_usa_consulta_con_token" time="0.273" /><testcase classname="tests.test_email_links_bug_fix.TestGenerateModernEmailHtml" name="test_todos_los_tipos_de_email" time="0.000" /><testcase classname="tests.test_email_links_bug_fix.TestSendEmailAudience" name="test_audience_client_valida_html" time="0.000" /><testcase classname="tests.test_email_links_bug_fix.TestSendEmailAudience" name="test_audience_admin_permite_urls_internas" time="0.000" /><testcase classname="tests.test_email_links_bug_fix.TestRegresionCRM" name="test_health_endpoint" time="4.636" /><testcase classname="tests.test_email_links_bug_fix.TestRegresionCRM" name="test_ordenes_endpoint_con_auth" time="0.681" /><testcase classname="tests.test_email_links_bug_fix.TestRegresionCRM" name="test_clientes_endpoint_con_auth" time="0.226" /><testcase classname="tests.test_email_links_bug_fix.TestRegresionCRM" name="test_agents_panel_overview" time="6.484" /><testcase classname="tests.test_email_links_bug_fix.TestRegresionCRM" name="test_chatbot_web_publico" time="6.184" /><testcase classname="tests.test_email_links_bug_fix.TestEmailStrictClientLinks" name="test_strict_mode_enabled_by_default" time="0.000" /><testcase classname="tests.test_email_links_bug_fix.TestEmailStrictClientLinks" name="test_strict_mode_raises_on_internal_url" time="0.000" /><testcase classname="tests.test_email_links_bug_fix.TestServicesEmailServiceProxy" name="test_proxy_exporta_build_client_link" time="0.001" /><testcase classname="tests.test_email_links_bug_fix.TestServicesEmailServiceProxy" name="test_proxy_exporta_build_admin_link" time="0.000" /><testcase classname="tests.test_email_links_bug_fix.TestServicesEmailServiceProxy" name="test_proxy_exporta_assert_client_safe" time="0.000" /><testcase classname="tests.test_email_links_bug_fix.TestServicesEmailServiceProxy" name="test_proxy_exporta_safe_public_url" time="0.000" /></testsuite></testsuites>