<?xml version="1.0" encoding="utf-8"?><testsuites name="pytest tests"><testsuite name="pytest" errors="0" failures="0" skipped="0" tests="11" time="9.264" timestamp="2026-03-17T17:30:57.812583+00:00" hostname="agent-env-af97a93f-560d-4465-9c30-2454d14518bb"><testcase classname="backend.tests.test_gls_integration.TestGLSEndpoints" name="test_get_gls_config" time="0.708" /><testcase classname="backend.tests.test_gls_integration.TestGLSEndpoints" name="test_post_gls_config_and_verify" time="1.089" /><testcase classname="backend.tests.test_gls_integration.TestGLSEndpoints" name="test_get_gls_servicios" time="0.567" /><testcase classname="backend.tests.test_gls_integration.TestGLSEndpoints" name="test_get_gls_envios" time="0.781" /><testcase classname="backend.tests.test_gls_integration.TestGLSEndpoints" name="test_get_gls_envios_with_filters" time="1.786" /><testcase classname="backend.tests.test_gls_integration.TestGLSEndpoints" name="test_get_gls_etiquetas" time="0.664" /><testcase classname="backend.tests.test_gls_integration.TestGLSEndpoints" name="test_get_gls_etiquetas_with_filters" time="0.926" /><testcase classname="backend.tests.test_gls_integration.TestGLSEndpoints" name="test_post_gls_sync_requires_active" time="0.653" /><testcase classname="backend.tests.test_gls_integration.TestGLSEndpoints" name="test_gls_config_requires_master" time="0.719" /><testcase classname="backend.tests.test_gls_integration.TestGLSConfigValidation" name="test_config_default_values" time="0.739" /><testcase classname="backend.tests.test_gls_integration.TestGLSConfigValidation" name="test_servicios_data_integrity" time="0.582" /></testsuite></testsuites>