<?xml version="1.0" encoding="utf-8"?><testsuites name="pytest tests"><testsuite name="pytest" errors="0" failures="0" skipped="0" tests="28" time="68.821" timestamp="2026-04-26T12:35:00.018638+00:00" hostname="agent-env-3626d975-b288-4ebb-af94-b32a3a0208ab"><testcase classname="tests.test_fase4_e2e_completo.TestPanelOverview" name="test_overview_returns_11_agents" time="18.880" /><testcase classname="tests.test_fase4_e2e_completo.TestPanelOverview" name="test_overview_includes_fase4_agents" time="6.215" /><testcase classname="tests.test_fase4_e2e_completo.TestPanelOverview" name="test_overview_call_center_scopes" time="5.947" /><testcase classname="tests.test_fase4_e2e_completo.TestPanelOverview" name="test_overview_presupuestador_scopes" time="6.000" /><testcase classname="tests.test_fase4_e2e_completo.TestPanelOverview" name="test_overview_seguimiento_scopes" time="5.954" /><testcase classname="tests.test_fase4_e2e_completo.TestPanelOverview" name="test_overview_includes_resumen" time="6.260" /><testcase classname="tests.test_fase4_e2e_completo.TestAgentsEndpoint" name="test_agents_excludes_public_agents" time="0.129" /><testcase classname="tests.test_fase4_e2e_completo.TestAgentsEndpoint" name="test_agents_includes_call_center" time="0.110" /><testcase classname="tests.test_fase4_e2e_completo.TestAgentsEndpoint" name="test_agents_includes_legacy_agents" time="0.117" /><testcase classname="tests.test_fase4_e2e_completo.TestComprasRegression" name="test_compras_lista_pendientes" time="0.125" /><testcase classname="tests.test_fase4_e2e_completo.TestComprasRegression" name="test_compras_lista_all" time="0.217" /><testcase classname="tests.test_fase4_e2e_completo.TestInsuramaRegression" name="test_insurama_inbox" time="0.110" /><testcase classname="tests.test_fase4_e2e_completo.TestInsuramaRegression" name="test_insurama_inbox_pendientes" time="0.107" /><testcase classname="tests.test_fase4_e2e_completo.TestBasicEndpointsRegression" name="test_health_check" time="0.107" /><testcase classname="tests.test_fase4_e2e_completo.TestBasicEndpointsRegression" name="test_ordenes_list" time="0.318" /><testcase classname="tests.test_fase4_e2e_completo.TestBasicEndpointsRegression" name="test_clientes_list" time="0.211" /><testcase classname="tests.test_fase4_e2e_completo.TestBasicEndpointsRegression" name="test_dashboard_stats" time="0.664" /><testcase classname="tests.test_fase4_e2e_completo.TestAgentPanelEndpoints" name="test_agent_config_call_center" time="0.304" /><testcase classname="tests.test_fase4_e2e_completo.TestAgentPanelEndpoints" name="test_agent_timeline" time="0.430" /><testcase classname="tests.test_fase4_e2e_completo.TestAgentPanelEndpoints" name="test_panel_metrics" time="0.550" /><testcase classname="tests.test_fase4_e2e_completo.TestAgentPanelEndpoints" name="test_pending_approvals" time="0.217" /><testcase classname="tests.test_fase4_e2e_completo.TestPublicAgentEndpoint" name="test_public_seguimiento_chat" time="12.491" /><testcase classname="tests.test_fase4_e2e_completo.TestLogisticaRegression" name="test_logistica_panel_resumen" time="1.066" /><testcase classname="tests.test_fase4_e2e_completo.TestLogisticaRegression" name="test_logistica_panel_envios" time="0.311" /><testcase classname="tests.test_fase4_e2e_completo.TestNotificacionesRegression" name="test_notificaciones_list" time="0.307" /><testcase classname="tests.test_fase4_e2e_completo.TestNotificacionesRegression" name="test_notificaciones_contadores" time="0.209" /><testcase classname="tests.test_fase4_e2e_completo.TestFinanzasRegression" name="test_finanzas_dashboard" time="0.739" /><testcase classname="tests.test_fase4_e2e_completo.TestFinanzasRegression" name="test_finanzas_balance" time="0.636" /></testsuite></testsuites>