<?xml version="1.0" encoding="utf-8"?><testsuites name="pytest tests"><testsuite name="pytest" errors="0" failures="0" skipped="0" tests="13" time="2.528" timestamp="2026-03-14T15:00:00.895770+00:00" hostname="agent-env-95466aea-b6f7-4251-a080-9d0a392c7ba2"><testcase classname="tests.test_finanzas_contabilidad.TestFinanzasDashboard" name="test_dashboard_returns_data" time="0.512" /><testcase classname="tests.test_finanzas_contabilidad.TestFinanzasDashboard" name="test_dashboard_different_periods" time="0.641" /><testcase classname="tests.test_finanzas_contabilidad.TestFinanzasDashboard" name="test_evolucion_returns_monthly_data" time="0.109" /><testcase classname="tests.test_finanzas_contabilidad.TestFinanzasDashboard" name="test_valor_inventario" time="0.117" /><testcase classname="tests.test_finanzas_contabilidad.TestFinanzasDashboard" name="test_gastos_detalle" time="0.113" /><testcase classname="tests.test_finanzas_contabilidad.TestContabilidadStats" name="test_stats_returns_counts" time="0.134" /><testcase classname="tests.test_finanzas_contabilidad.TestFacturas" name="test_listar_facturas" time="0.145" /><testcase classname="tests.test_finanzas_contabilidad.TestFacturas" name="test_factura_fv_2026_00001_exists" time="0.105" /><testcase classname="tests.test_finanzas_contabilidad.TestFacturas" name="test_facturas_filter_by_type" time="0.116" /><testcase classname="tests.test_finanzas_contabilidad.TestPendientes" name="test_pendientes_cobro_pago" time="0.101" /><testcase classname="tests.test_finanzas_contabilidad.TestAuthRequired" name="test_finanzas_dashboard_requires_auth" time="0.113" /><testcase classname="tests.test_finanzas_contabilidad.TestAuthRequired" name="test_contabilidad_stats_requires_auth" time="0.105" /><testcase classname="tests.test_finanzas_contabilidad.TestAuthRequired" name="test_facturas_requires_auth" time="0.110" /></testsuite></testsuites>