<?xml version="1.0" encoding="utf-8"?><testsuites name="pytest tests"><testsuite name="pytest" errors="0" failures="0" skipped="1" tests="13" time="3.867" timestamp="2026-03-14T15:19:28.394648+00:00" hostname="agent-env-95466aea-b6f7-4251-a080-9d0a392c7ba2"><testcase classname="backend.tests.test_garantias_liquidaciones.TestAuth" name="test_admin_login" time="0.358" /><testcase classname="backend.tests.test_garantias_liquidaciones.TestGarantiasAPI" name="test_get_orden_enviada" time="0.617" /><testcase classname="backend.tests.test_garantias_liquidaciones.TestGarantiasAPI" name="test_crear_garantia_success" time="0.238" /><testcase classname="backend.tests.test_garantias_liquidaciones.TestGarantiasAPI" name="test_crear_garantia_solo_enviado" time="0.154"><skipped type="pytest.skip" message="No order in non-shipped state found">/app/backend/tests/test_garantias_liquidaciones.py:174: No order in non-shipped state found</skipped></testcase><testcase classname="backend.tests.test_garantias_liquidaciones.TestGarantiasAPI" name="test_obtener_garantias_orden" time="0.120" /><testcase classname="backend.tests.test_garantias_liquidaciones.TestGarantiasAPI" name="test_garantia_hereda_campos_cliente" time="0.213" /><testcase classname="backend.tests.test_garantias_liquidaciones.TestLiquidacionesAPI" name="test_get_liquidaciones_pendientes" time="0.493" /><testcase classname="backend.tests.test_garantias_liquidaciones.TestLiquidacionesAPI" name="test_get_historial_meses" time="0.102" /><testcase classname="backend.tests.test_garantias_liquidaciones.TestLiquidacionesAPI" name="test_marcar_pagados_empty_list" time="0.105" /><testcase classname="backend.tests.test_garantias_liquidaciones.TestLiquidacionesAPI" name="test_importar_excel_sin_archivo" time="0.108" /><testcase classname="backend.tests.test_garantias_liquidaciones.TestLiquidacionesAPI" name="test_importar_excel_formato_incorrecto" time="0.147" /><testcase classname="backend.tests.test_garantias_liquidaciones.TestExcelImport" name="test_importar_excel_con_openpyxl" time="0.592" /><testcase classname="backend.tests.test_garantias_liquidaciones.TestLiquidacionesStatusUpdate" name="test_actualizar_estado_liquidacion" time="0.540" /></testsuite></testsuites>