<?xml version="1.0" encoding="utf-8"?><testsuites name="pytest tests"><testsuite name="pytest" errors="0" failures="4" skipped="5" tests="58" time="30.630" timestamp="2026-04-26T14:04:02.529410+00:00" hostname="agent-env-3626d975-b288-4ebb-af94-b32a3a0208ab"><testcase classname="tests.test_security_audit_punto3.TestAuthGuardProtectedEndpoints" name="test_endpoint_sin_token_devuelve_401[GET-/api/clientes]" time="3.855" /><testcase classname="tests.test_security_audit_punto3.TestAuthGuardProtectedEndpoints" name="test_endpoint_sin_token_devuelve_401[GET-/api/dashboard/stats]" time="0.115" /><testcase classname="tests.test_security_audit_punto3.TestAuthGuardProtectedEndpoints" name="test_endpoint_sin_token_devuelve_401[GET-/api/notificaciones]" time="0.122" /><testcase classname="tests.test_security_audit_punto3.TestAuthGuardProtectedEndpoints" name="test_endpoint_sin_token_devuelve_401[GET-/api/agents/panel/overview]" time="0.106" /><testcase classname="tests.test_security_audit_punto3.TestAuthGuardProtectedEndpoints" name="test_endpoint_sin_token_devuelve_401[GET-/api/inventario]" time="0.104" /><testcase classname="tests.test_security_audit_punto3.TestAuthGuardProtectedEndpoints" name="test_endpoint_sin_token_devuelve_401[GET-/api/ordenes]" time="0.140" /><testcase classname="tests.test_security_audit_punto3.TestAuthGuardProtectedEndpoints" name="test_endpoint_sin_token_devuelve_401[GET-/api/agents]" time="0.108" /><testcase classname="tests.test_security_audit_punto3.TestAuthGuardProtectedEndpoints" name="test_endpoint_sin_token_devuelve_401[GET-/api/admin/users]" time="0.097" /><testcase classname="tests.test_security_audit_punto3.TestAuthGuardProtectedEndpoints" name="test_endpoint_sin_token_devuelve_401[GET-/api/proveedores]" time="0.114" /><testcase classname="tests.test_security_audit_punto3.TestAuthGuardProtectedEndpoints" name="test_endpoint_sin_token_devuelve_401[GET-/api/repuestos]" time="0.101" /><testcase classname="tests.test_security_audit_punto3.TestAuthGuardProtectedEndpoints" name="test_endpoint_sin_token_devuelve_401[GET-/api/incidencias]" time="0.100" /><testcase classname="tests.test_security_audit_punto3.TestAuthGuardProtectedEndpoints" name="test_endpoint_sin_token_devuelve_401[GET-/api/calendario/eventos]" time="0.113" /><testcase classname="tests.test_security_audit_punto3.TestAuthGuardProtectedEndpoints" name="test_endpoint_sin_token_devuelve_401[GET-/api/finanzas/dashboard]" time="0.189" /><testcase classname="tests.test_security_audit_punto3.TestAuthGuardProtectedEndpoints" name="test_endpoint_sin_token_devuelve_401[GET-/api/logistica/panel]" time="0.110" /><testcase classname="tests.test_security_audit_punto3.TestAuthGuardProtectedEndpoints" name="test_endpoint_sin_token_devuelve_401[GET-/api/compras/lista]" time="0.107" /><testcase classname="tests.test_security_audit_punto3.TestAuthGuardProtectedEndpoints" name="test_endpoint_sin_token_devuelve_401[GET-/api/metrics/performance]" time="0.106" /><testcase classname="tests.test_security_audit_punto3.TestAuthGuardWhitelist" name="test_health_publico" time="0.135" /><testcase classname="tests.test_security_audit_punto3.TestAuthGuardWhitelist" name="test_login_publico" time="0.117" /><testcase classname="tests.test_security_audit_punto3.TestAuthGuardWhitelist" name="test_chatbot_web_publico" time="0.390"><failure message="AssertionError: Chatbot devolvió 500: {&quot;detail&quot;:&quot;Error al procesar tu mensaje&quot;}&#10;assert 500 == 200&#10; +  where 500 = &lt;Response [500]&gt;.status_code">tests/test_security_audit_punto3.py:128: in test_chatbot_web_publico
    assert r.status_code == 200, f"Chatbot devolvió {r.status_code}: {r.text}"
E   AssertionError: Chatbot devolvió 500: {"detail":"Error al procesar tu mensaje"}
E   assert 500 == 200
E    +  where 500 = &lt;Response [500]&gt;.status_code</failure></testcase><testcase classname="tests.test_security_audit_punto3.TestAuthGuardWhitelist" name="test_lead_web_publico" time="0.113" /><testcase classname="tests.test_security_audit_punto3.TestAuthGuardWhitelist" name="test_faqs_public_publico" time="0.217" /><testcase classname="tests.test_security_audit_punto3.TestAuthGuardWhitelist" name="test_configuracion_empresa_publica" time="0.209" /><testcase classname="tests.test_security_audit_punto3.TestAuthGuardWhitelist" name="test_apple_manuals_lookup_publico" time="0.165" /><testcase classname="tests.test_security_audit_punto3.TestAuthGuardWhitelist" name="test_seguimiento_verificar_publico" time="0.203" /><testcase classname="tests.test_security_audit_punto3.TestAuthGuardWhitelist" name="test_peticiones_exteriores_post_publico" time="0.104" /><testcase classname="tests.test_security_audit_punto3.TestAuthGuardWhitelist" name="test_public_agents_seguimiento_chat_publico" time="0.113" /><testcase classname="tests.test_security_audit_punto3.TestAuthenticatedEndpoints" name="test_login_master_funciona" time="0.437" /><testcase classname="tests.test_security_audit_punto3.TestAuthenticatedEndpoints" name="test_clientes_con_token" time="0.218" /><testcase classname="tests.test_security_audit_punto3.TestAuthenticatedEndpoints" name="test_dashboard_stats_con_token" time="0.625" /><testcase classname="tests.test_security_audit_punto3.TestAuthenticatedEndpoints" name="test_notificaciones_con_token" time="0.207" /><testcase classname="tests.test_security_audit_punto3.TestAuthenticatedEndpoints" name="test_agents_panel_overview_con_token" time="5.916" /><testcase classname="tests.test_security_audit_punto3.TestAuthenticatedEndpoints" name="test_proveedores_con_token" time="0.231" /><testcase classname="tests.test_security_audit_punto3.TestAuthenticatedEndpoints" name="test_repuestos_con_token" time="0.317" /><testcase classname="tests.test_security_audit_punto3.TestAuthenticatedEndpoints" name="test_ordenes_con_token" time="0.202" /><testcase classname="tests.test_security_audit_punto3.TestInvalidToken" name="test_token_corrupto_devuelve_401" time="0.149" /><testcase classname="tests.test_security_audit_punto3.TestInvalidToken" name="test_token_manipulado_devuelve_401" time="0.105" /><testcase classname="tests.test_security_audit_punto3.TestInvalidToken" name="test_bearer_sin_token_devuelve_401" time="0.108" /><testcase classname="tests.test_security_audit_punto3.TestInvalidToken" name="test_authorization_sin_bearer_devuelve_401" time="0.112" /><testcase classname="tests.test_security_audit_punto3.TestReDoSFix" name="test_busqueda_patron_redos_no_cuelga" time="0.207" /><testcase classname="tests.test_security_audit_punto3.TestReDoSFix" name="test_busqueda_patron_complejo_no_cuelga" time="0.203" /><testcase classname="tests.test_security_audit_punto3.TestRateLimiting" name="test_rate_limit_login_fallidos" time="1.049" /><testcase classname="tests.test_security_audit_punto3.TestCORSPreflight" name="test_options_clientes_no_bloqueado" time="0.072" /><testcase classname="tests.test_security_audit_punto3.TestCORSPreflight" name="test_options_dashboard_no_bloqueado" time="0.071" /><testcase classname="tests.test_security_audit_punto3.TestRoleEnforcement" name="test_pause_agent_tecnico_403" time="0.104"><skipped type="pytest.skip" message="No se pudo autenticar como tecnico">/app/backend/tests/test_security_audit_punto3.py:393: No se pudo autenticar como tecnico</skipped></testcase><testcase classname="tests.test_security_audit_punto3.TestRoleEnforcement" name="test_activate_agent_tecnico_403" time="0.000"><skipped type="pytest.skip" message="No se pudo autenticar como tecnico">/app/backend/tests/test_security_audit_punto3.py:402: No se pudo autenticar como tecnico</skipped></testcase><testcase classname="tests.test_security_audit_punto3.TestRoleEnforcement" name="test_config_update_tecnico_403" time="0.000"><skipped type="pytest.skip" message="No se pudo autenticar como tecnico">/app/backend/tests/test_security_audit_punto3.py:411: No se pudo autenticar como tecnico</skipped></testcase><testcase classname="tests.test_security_audit_punto3.TestRoleEnforcement" name="test_pending_approvals_decide_tecnico_403" time="0.000"><skipped type="pytest.skip" message="No se pudo autenticar como tecnico">/app/backend/tests/test_security_audit_punto3.py:421: No se pudo autenticar como tecnico</skipped></testcase><testcase classname="tests.test_security_audit_punto3.TestRoleEnforcement" name="test_metrics_performance_tecnico_403" time="0.000"><skipped type="pytest.skip" message="No se pudo autenticar como tecnico">/app/backend/tests/test_security_audit_punto3.py:432: No se pudo autenticar como tecnico</skipped></testcase><testcase classname="tests.test_security_audit_punto3.TestRegression" name="test_login_master_funciona" time="0.105"><failure message="AssertionError: Login master devolvió 429: {&quot;detail&quot;:&quot;Demasiados intentos de inicio de sesion. Espere 15 minutos.&quot;,&quot;retry_after&quot;:900}&#10;assert 429 == 200&#10; +  where 429 = &lt;Response [429]&gt;.status_code">tests/test_security_audit_punto3.py:456: in test_login_master_funciona
    assert r.status_code == 200, f"Login master devolvió {r.status_code}: {r.text}"
E   AssertionError: Login master devolvió 429: {"detail":"Demasiados intentos de inicio de sesion. Espere 15 minutos.","retry_after":900}
E   assert 429 == 200
E    +  where 429 = &lt;Response [429]&gt;.status_code</failure></testcase><testcase classname="tests.test_security_audit_punto3.TestRegression" name="test_login_tecnico_funciona" time="0.113"><failure message="AssertionError: Login tecnico devolvió 429: {&quot;detail&quot;:&quot;Demasiados intentos de inicio de sesion. Espere 15 minutos.&quot;,&quot;retry_after&quot;:900}&#10;assert 429 == 200&#10; +  where 429 = &lt;Response [429]&gt;.status_code">tests/test_security_audit_punto3.py:466: in test_login_tecnico_funciona
    assert r.status_code == 200, f"Login tecnico devolvió {r.status_code}: {r.text}"
E   AssertionError: Login tecnico devolvió 429: {"detail":"Demasiados intentos de inicio de sesion. Espere 15 minutos.","retry_after":900}
E   assert 429 == 200
E    +  where 429 = &lt;Response [429]&gt;.status_code</failure></testcase><testcase classname="tests.test_security_audit_punto3.TestRegression" name="test_chatbot_web_sigue_funcionando" time="5.215" /><testcase classname="tests.test_security_audit_punto3.TestRegression" name="test_health_sigue_funcionando" time="0.133" /><testcase classname="tests.test_security_audit_punto3.TestRegression" name="test_agents_panel_11_agentes" time="5.925" /><testcase classname="tests.test_security_audit_punto3.TestDependencyUpgrade" name="test_fastapi_starlette_funcionan" time="0.330" /><testcase classname="tests.test_security_audit_punto3.TestDependencyUpgrade" name="test_pyjwt_funciona" time="0.618" /><testcase classname="tests.test_security_audit_punto3.TestDependencyUpgrade" name="test_bcrypt_funciona" time="0.134"><failure message="assert 429 == 200&#10; +  where 429 = &lt;Response [429]&gt;.status_code">tests/test_security_audit_punto3.py:524: in test_bcrypt_funciona
    assert r.status_code == 200
E   assert 429 == 200
E    +  where 429 = &lt;Response [429]&gt;.status_code</failure></testcase><testcase classname="tests.test_security_audit_punto3.TestDependencyUpgrade" name="test_aiohttp_funciona" time="0.111" /><testcase classname="tests.test_security_audit_punto3.TestDependencyUpgrade" name="test_requests_funciona" time="0.113" /></testsuite></testsuites>