<?xml version="1.0" encoding="utf-8"?><testsuites name="pytest tests"><testsuite name="pytest" errors="0" failures="0" skipped="0" tests="12" time="2.957" timestamp="2026-03-14T15:38:45.496121+00:00" hostname="agent-env-95466aea-b6f7-4251-a080-9d0a392c7ba2"><testcase classname="backend.tests.test_nuevas_ordenes.TestNuevasOrdenes" name="test_get_count" time="0.492" /><testcase classname="backend.tests.test_nuevas_ordenes.TestNuevasOrdenes" name="test_list_nuevas_ordenes" time="0.122" /><testcase classname="backend.tests.test_nuevas_ordenes.TestNuevasOrdenes" name="test_get_detail" time="0.219" /><testcase classname="backend.tests.test_nuevas_ordenes.TestNuevasOrdenes" name="test_get_nonexistent_returns_404" time="0.128" /><testcase classname="backend.tests.test_nuevas_ordenes.TestNuevasOrdenes" name="test_tramitar_empty_codigo_fails" time="0.205" /><testcase classname="backend.tests.test_nuevas_ordenes.TestNuevasOrdenes" name="test_tramitar_whitespace_codigo_fails" time="0.278" /><testcase classname="backend.tests.test_nuevas_ordenes.TestNuevasOrdenes" name="test_rechazar_nonexistent_returns_404" time="0.103" /><testcase classname="backend.tests.test_nuevas_ordenes.TestNuevasOrdenes" name="test_tramitar_nonexistent_returns_404" time="0.183" /><testcase classname="backend.tests.test_nuevas_ordenes.TestNuevasOrdenesFlowIntegration" name="test_full_rechazar_flow" time="0.545" /><testcase classname="backend.tests.test_nuevas_ordenes.TestNuevasOrdenesFlowIntegration" name="test_full_tramitar_flow" time="0.105" /><testcase classname="backend.tests.test_nuevas_ordenes.TestSchedulerConfig" name="test_poll_interval_is_2_hours" time="0.000" /><testcase classname="backend.tests.test_nuevas_ordenes.TestSidebarBadge" name="test_count_endpoint_for_badge" time="0.511" /></testsuite></testsuites>