<?xml version="1.0" encoding="utf-8"?><testsuites name="pytest tests"><testsuite name="pytest" errors="0" failures="0" skipped="0" tests="13" time="4.980" timestamp="2026-03-16T07:53:16.371148+00:00" hostname="agent-env-dfb7da79-52bb-4c74-a861-49a08f5b8529"><testcase classname="tests.test_new_endpoints.TestEnviarWhatsAppEndpoint" name="test_enviar_whatsapp_returns_404_for_missing_order" time="2.215" /><testcase classname="tests.test_new_endpoints.TestEnviarWhatsAppEndpoint" name="test_enviar_whatsapp_endpoint_exists" time="0.261" /><testcase classname="tests.test_new_endpoints.TestRePresupuestoEndpoint" name="test_re_presupuesto_returns_404_for_missing_order" time="0.216" /><testcase classname="tests.test_new_endpoints.TestRePresupuestoEndpoint" name="test_re_presupuesto_endpoint_exists" time="0.249" /><testcase classname="tests.test_new_endpoints.TestRePresupuestoEndpoint" name="test_re_presupuesto_accepts_required_fields" time="0.225" /><testcase classname="tests.test_new_endpoints.TestAprobarRePresupuestoEndpoint" name="test_aprobar_re_presupuesto_returns_404_for_missing_order" time="0.206" /><testcase classname="tests.test_new_endpoints.TestAprobarRePresupuestoEndpoint" name="test_aprobar_re_presupuesto_endpoint_exists" time="0.219" /><testcase classname="tests.test_new_endpoints.TestApiIntegration" name="test_ordenes_api_re_presupuesto_method" time="0.220" /><testcase classname="tests.test_new_endpoints.TestApiIntegration" name="test_ordenes_api_aprobar_re_presupuesto_method" time="0.203" /><testcase classname="tests.test_new_endpoints.TestApiIntegration" name="test_ordenes_api_enviar_whatsapp_method" time="0.222" /><testcase classname="tests.test_new_endpoints.TestAuthenticationRequirements" name="test_enviar_whatsapp_requires_auth" time="0.102" /><testcase classname="tests.test_new_endpoints.TestAuthenticationRequirements" name="test_re_presupuesto_requires_auth" time="0.106" /><testcase classname="tests.test_new_endpoints.TestAuthenticationRequirements" name="test_aprobar_re_presupuesto_requires_auth" time="0.096" /></testsuite></testsuites>