<?xml version="1.0" encoding="utf-8"?><testsuites name="pytest tests"><testsuite name="pytest" errors="0" failures="0" skipped="0" tests="16" time="9.225" timestamp="2026-03-19T08:53:51.203407+00:00" hostname="agent-env-af97a93f-560d-4465-9c30-2454d14518bb"><testcase classname="tests.test_gls_rewrite.TestGLSConfig" name="test_get_config_returns_200" time="5.030" /><testcase classname="tests.test_gls_rewrite.TestGLSConfig" name="test_get_config_requires_auth" time="0.125" /><testcase classname="tests.test_gls_rewrite.TestGLSConfig" name="test_post_config_saves_config" time="0.672" /><testcase classname="tests.test_gls_rewrite.TestGLSMaestros" name="test_get_maestros_returns_services_and_schedules" time="0.102" /><testcase classname="tests.test_gls_rewrite.TestGLSShipments" name="test_get_envios_returns_paginated_list" time="0.326" /><testcase classname="tests.test_gls_rewrite.TestGLSShipments" name="test_get_envios_with_pagination" time="0.322" /><testcase classname="tests.test_gls_rewrite.TestGLSShipments" name="test_get_envios_filter_by_orden_id" time="0.326" /><testcase classname="tests.test_gls_rewrite.TestGLSShipments" name="test_get_envios_filter_by_estado" time="0.320" /><testcase classname="tests.test_gls_rewrite.TestGLSShipments" name="test_get_envios_search" time="0.322" /><testcase classname="tests.test_gls_rewrite.TestGLSShipments" name="test_post_envios_returns_error_when_gls_not_activated" time="0.210" /><testcase classname="tests.test_gls_rewrite.TestGLSSync" name="test_sync_manual_triggers_sync" time="0.377" /><testcase classname="tests.test_gls_rewrite.TestGLSSync" name="test_sync_requires_admin" time="0.130" /><testcase classname="tests.test_gls_rewrite.TestGLSShipmentDetail" name="test_get_envio_detail_not_found" time="0.216" /><testcase classname="tests.test_gls_rewrite.TestGLSTracking" name="test_tracking_not_found" time="0.204" /><testcase classname="tests.test_gls_rewrite.TestGLSLabels" name="test_label_not_found" time="0.214" /><testcase classname="tests.test_gls_rewrite.TestGLSLabels" name="test_label_by_code_not_found" time="0.213" /></testsuite></testsuites>