<?xml version="1.0" encoding="utf-8"?><testsuites name="pytest tests"><testsuite name="pytest" errors="0" failures="0" skipped="0" tests="21" time="9.875" timestamp="2026-04-01T08:23:16.758108+00:00" hostname="agent-env-3626d975-b288-4ebb-af94-b32a3a0208ab"><testcase classname="tests.test_gls_module_complete.TestGLSStatus" name="test_gls_status_returns_active_true" time="5.392" /><testcase classname="tests.test_gls_module_complete.TestGLSEnvios" name="test_list_envios_returns_correct_structure" time="0.259" /><testcase classname="tests.test_gls_module_complete.TestGLSEnvios" name="test_envios_have_required_fields" time="0.255" /><testcase classname="tests.test_gls_module_complete.TestGLSCheckDuplicate" name="test_check_duplicate_envio" time="0.190" /><testcase classname="tests.test_gls_module_complete.TestGLSCheckDuplicate" name="test_check_duplicate_recogida" time="0.153" /><testcase classname="tests.test_gls_module_complete.TestGLSCheckDuplicate" name="test_check_duplicate_devolucion" time="0.149" /><testcase classname="tests.test_gls_module_complete.TestGLSOrdenLogistics" name="test_get_orden_logistics_structure" time="0.467" /><testcase classname="tests.test_gls_module_complete.TestGLSOrdenLogistics" name="test_orden_logistics_block_structure" time="0.471" /><testcase classname="tests.test_gls_module_complete.TestGLSOrdenLogistics" name="test_orden_logistics_shipment_has_tracking" time="0.466" /><testcase classname="tests.test_gls_module_complete.TestGLSMaestros" name="test_maestros_returns_all_data" time="0.042" /><testcase classname="tests.test_gls_module_complete.TestGLSMaestros" name="test_tipos_envio_includes_devolucion" time="0.041" /><testcase classname="tests.test_gls_module_complete.TestLogisticsEndpoints" name="test_get_orden_logistics_via_ordenes_route" time="0.571" /><testcase classname="tests.test_gls_module_complete.TestLogisticsEndpoints" name="test_pickup_endpoint_exists" time="0.152" /><testcase classname="tests.test_gls_module_complete.TestLogisticsEndpoints" name="test_delivery_endpoint_exists" time="0.237" /><testcase classname="tests.test_gls_module_complete.TestLogisticsEndpoints" name="test_return_endpoint_exists" time="0.148" /><testcase classname="tests.test_gls_module_complete.TestLogisticsEndpoints" name="test_delete_shipment_endpoint_exists" time="0.152" /><testcase classname="tests.test_gls_module_complete.TestLogisticsValidation" name="test_pickup_requires_telefono" time="0.188" /><testcase classname="tests.test_gls_module_complete.TestLogisticsValidation" name="test_delivery_requires_complete_address" time="0.148" /><testcase classname="tests.test_gls_module_complete.TestGLSAuthentication" name="test_gls_status_requires_auth" time="0.109" /><testcase classname="tests.test_gls_module_complete.TestGLSAuthentication" name="test_gls_envios_requires_auth" time="0.093" /><testcase classname="tests.test_gls_module_complete.TestGLSAuthentication" name="test_gls_maestros_requires_auth" time="0.108" /></testsuite></testsuites>