<?xml version="1.0" encoding="utf-8"?><testsuites name="pytest tests"><testsuite name="pytest" errors="0" failures="0" skipped="0" tests="16" time="13.390" timestamp="2026-04-23T21:21:56.083413+00:00" hostname="agent-env-3626d975-b288-4ebb-af94-b32a3a0208ab"><testcase classname="tests.test_gls_mrw_triador.TestGLSTrackingURL" name="test_gls_crear_envio_returns_mygls_url" time="5.202" /><testcase classname="tests.test_gls_mrw_triador.TestGLSTrackingURL" name="test_gls_orden_detail_returns_mygls_url" time="0.553" /><testcase classname="tests.test_gls_mrw_triador.TestMRWConfig" name="test_mrw_config_get" time="0.629" /><testcase classname="tests.test_gls_mrw_triador.TestMRWConfig" name="test_mrw_config_remitente_save" time="0.732" /><testcase classname="tests.test_gls_mrw_triador.TestMRWConfig" name="test_mrw_config_verify_preview" time="0.135" /><testcase classname="tests.test_gls_mrw_triador.TestMRWEnvio" name="test_mrw_crear_envio_preview" time="0.843" /><testcase classname="tests.test_gls_mrw_triador.TestMRWEnvio" name="test_mrw_orden_detail" time="0.423" /><testcase classname="tests.test_gls_mrw_triador.TestMRWEnvio" name="test_mrw_actualizar_tracking_preview" time="0.639" /><testcase classname="tests.test_gls_mrw_triador.TestMRWRecogida" name="test_mrw_solicitar_recogida" time="0.324" /><testcase classname="tests.test_gls_mrw_triador.TestPanelResumen" name="test_panel_resumen_counts_both_transportistas" time="1.024" /><testcase classname="tests.test_gls_mrw_triador.TestPanelResumen" name="test_panel_envios_filter_mrw" time="0.342" /><testcase classname="tests.test_gls_mrw_triador.TestPanelResumen" name="test_panel_envios_filter_gls" time="0.317" /><testcase classname="tests.test_gls_mrw_triador.TestTriadorDiagnostico" name="test_triador_sin_averia_returns_error" time="0.449" /><testcase classname="tests.test_gls_mrw_triador.TestTriadorDiagnostico" name="test_triador_con_averia_returns_diagnostico" time="0.748" /><testcase classname="tests.test_gls_mrw_triador.TestTriadorDiagnostico" name="test_triador_pantalla_rota_high_confidence" time="0.730" /><testcase classname="tests.test_gls_mrw_triador.TestEmailTrackingURL" name="test_gls_envio_stores_codexp_codplaza" time="0.208" /></testsuite></testsuites>