<?xml version="1.0" encoding="utf-8"?><testsuites name="pytest tests"><testsuite name="pytest" errors="0" failures="0" skipped="10" tests="15" time="2.871" timestamp="2026-04-26T16:00:31.024264+00:00" hostname="agent-env-3626d975-b288-4ebb-af94-b32a3a0208ab"><testcase classname="backend.tests.test_oleada1_completo.TestOleada1TasksSeeded" name="test_4_tareas_oleada1_existen" time="0.666" /><testcase classname="backend.tests.test_oleada1_completo.TestOleada1TasksSeeded" name="test_tareas_oleada1_tienen_descripcion" time="0.638" /><testcase classname="backend.tests.test_oleada1_completo.TestAutonomyStatus" name="test_status_devuelve_campos_requeridos" time="0.133"><skipped type="pytest.skip" message="Rate limit activo - esperar 15 minutos">/app/backend/tests/test_oleada1_completo.py:35: Rate limit activo - esperar 15 minutos</skipped></testcase><testcase classname="backend.tests.test_oleada1_completo.TestAutonomyStatus" name="test_status_sin_auth_devuelve_401" time="0.134" /><testcase classname="backend.tests.test_oleada1_completo.TestAutonomyStatus" name="test_status_tasks_activas_minimo_4" time="0.108"><skipped type="pytest.skip" message="Rate limit activo - esperar 15 minutos">/app/backend/tests/test_oleada1_completo.py:35: Rate limit activo - esperar 15 minutos</skipped></testcase><testcase classname="backend.tests.test_oleada1_completo.TestKillSwitch" name="test_pause_all_sin_auth_devuelve_401" time="0.119" /><testcase classname="backend.tests.test_oleada1_completo.TestKillSwitch" name="test_resume_all_sin_auth_devuelve_401" time="0.114" /><testcase classname="backend.tests.test_oleada1_completo.TestKillSwitch" name="test_pause_resume_cycle_completo" time="0.108"><skipped type="pytest.skip" message="Rate limit activo - esperar 15 minutos">/app/backend/tests/test_oleada1_completo.py:35: Rate limit activo - esperar 15 minutos</skipped></testcase><testcase classname="backend.tests.test_oleada1_completo.TestKillSwitch" name="test_pause_all_idempotente" time="0.110"><skipped type="pytest.skip" message="Rate limit activo - esperar 15 minutos">/app/backend/tests/test_oleada1_completo.py:35: Rate limit activo - esperar 15 minutos</skipped></testcase><testcase classname="backend.tests.test_oleada1_completo.TestKpiAnalystRunNow" name="test_run_now_kpi_analyst_success" time="0.106"><skipped type="pytest.skip" message="Rate limit activo - esperar 15 minutos">/app/backend/tests/test_oleada1_completo.py:35: Rate limit activo - esperar 15 minutos</skipped></testcase><testcase classname="backend.tests.test_oleada1_completo.TestKpiAnalystRunNow" name="test_run_now_kpi_analyst_devuelve_dashboard_keys" time="0.104"><skipped type="pytest.skip" message="Rate limit activo - esperar 15 minutos">/app/backend/tests/test_oleada1_completo.py:35: Rate limit activo - esperar 15 minutos</skipped></testcase><testcase classname="backend.tests.test_oleada1_completo.TestKillSwitchAuditLogs" name="test_pause_all_crea_audit_log" time="0.112"><skipped type="pytest.skip" message="Rate limit activo - esperar 15 minutos">/app/backend/tests/test_oleada1_completo.py:35: Rate limit activo - esperar 15 minutos</skipped></testcase><testcase classname="backend.tests.test_oleada1_completo.TestKillSwitchAuditLogs" name="test_resume_all_crea_audit_log" time="0.118"><skipped type="pytest.skip" message="Rate limit activo - esperar 15 minutos">/app/backend/tests/test_oleada1_completo.py:35: Rate limit activo - esperar 15 minutos</skipped></testcase><testcase classname="backend.tests.test_oleada1_completo.TestRegresion" name="test_scheduled_tasks_lista_correctamente" time="0.128"><skipped type="pytest.skip" message="Rate limit activo - esperar 15 minutos">/app/backend/tests/test_oleada1_completo.py:35: Rate limit activo - esperar 15 minutos</skipped></testcase><testcase classname="backend.tests.test_oleada1_completo.TestRegresion" name="test_scheduled_tasks_filtro_por_agent_id" time="0.115"><skipped type="pytest.skip" message="Rate limit activo - esperar 15 minutos">/app/backend/tests/test_oleada1_completo.py:35: Rate limit activo - esperar 15 minutos</skipped></testcase></testsuite></testsuites>