<?xml version="1.0" encoding="utf-8"?><testsuites name="pytest tests"><testsuite name="pytest" errors="0" failures="0" skipped="0" tests="7" time="4.096" timestamp="2026-03-14T16:08:31.377063+00:00" hostname="agent-env-49c2f748-51ae-4b53-bbd6-488066406422"><testcase classname="tests.test_finanzas_kpis.TestFinanzasKPIs" name="test_dashboard_returns_kpis_ordenes_section" time="0.616" /><testcase classname="tests.test_finanzas_kpis.TestFinanzasKPIs" name="test_kpis_ordenes_has_all_7_metrics" time="0.466" /><testcase classname="tests.test_finanzas_kpis.TestFinanzasKPIs" name="test_kpis_are_numeric" time="0.571" /><testcase classname="tests.test_finanzas_kpis.TestFinanzasKPIs" name="test_kpis_global_not_filtered_by_periodo" time="0.822" /><testcase classname="tests.test_finanzas_kpis.TestFinanzasKPIs" name="test_division_by_zero_handled" time="0.490" /><testcase classname="tests.test_finanzas_kpis.TestFinanzasKPIs" name="test_dashboard_other_fields_unchanged" time="0.481" /><testcase classname="tests.test_finanzas_kpis.TestFinanzasKPIs" name="test_periodo_selector_works" time="0.555" /></testsuite></testsuites>